info
i'm warn
i'm warning
i'm error
i'm critical
info
i'm warn
i'm warning
i'm error
i'm critical
info
i'm warn
i'm warning
i'm error
i'm critical
info
i'm warn
i'm warning
i'm error
i'm critical
info
i'm warn
i'm warning
i'm error
i'm critical
info
i'm warn
i'm warning
i'm error
i'm critical
info
i'm warn
i'm warning
i'm error
i'm critical
info
i'm warn
i'm warning
i'm error
i'm critical
info
i'm warn
i'm warning
i'm error
i'm critical
info
i'm warn
i'm warning
i'm error
i'm critical
info
i'm warn
i'm warning
i'm error
i'm critical
info
i'm warn
i'm warning
i'm error
i'm critical
info
i'm warn
i'm warning
i'm error
i'm critical
info
i'm debug
i'm warn
i'm warning
i'm error
i'm critical
info
i'm debug
i'm warn
i'm warning
i'm error
i'm critical
debug
